2015-09-10 12:45:30,033 - [INFO] - from play in pool-27-thread-1 
Listening for HTTP on /0:0:0:0:0:0:0:0:9000

2015-09-10 12:46:08,690 - [ERROR] - from net.sf.ehcache.Cache in play-internal-execution-context-1 
Unable to set localhost. This prevents creation of a GUID. Cause was: bogon: bogon: nodename nor servname provided, or not known
java.net.UnknownHostException: bogon: bogon: nodename nor servname provided, or not known
	at java.net.InetAddress.getLocalHost(InetAddress.java:1466) ~[na:1.7.0_25]
	at net.sf.ehcache.Cache.<clinit>(Cache.java:214) ~[ehcache-core.jar:na]
	at net.sf.ehcache.config.ConfigurationHelper.createCache(ConfigurationHelper.java:296) ~[ehcache-core.jar:na]
	at net.sf.ehcache.config.ConfigurationHelper.createDefaultCache(ConfigurationHelper.java:219) ~[ehcache-core.jar:na]
	at net.sf.ehcache.CacheManager.configure(CacheManager.java:722) ~[ehcache-core.jar:na]
	at net.sf.ehcache.CacheManager.doInit(CacheManager.java:439) ~[ehcache-core.jar:na]
	at net.sf.ehcache.CacheManager.init(CacheManager.java:377) ~[ehcache-core.jar:na]
	at net.sf.ehcache.CacheManager.<init>(CacheManager.java:259) ~[ehcache-core.jar:na]
	at net.sf.ehcache.CacheManager.newInstance(CacheManager.java:1037) ~[ehcache-core.jar:na]
	at net.sf.ehcache.CacheManager.newInstance(CacheManager.java:936) ~[ehcache-core.jar:na]
	at net.sf.ehcache.CacheManager.create(CacheManager.java:904) ~[ehcache-core.jar:na]
	at play.api.cache.EhCachePlugin.manager$lzycompute(Cache.scala:139) ~[play-cache_2.10.jar:2.2.6]
	at play.api.cache.EhCachePlugin.manager(Cache.scala:134) ~[play-cache_2.10.jar:2.2.6]
	at play.api.cache.EhCachePlugin.cache$lzycompute(Cache.scala:143) ~[play-cache_2.10.jar:2.2.6]
	at play.api.cache.EhCachePlugin.cache(Cache.scala:142) ~[play-cache_2.10.jar:2.2.6]
	at play.api.cache.EhCachePlugin.onStart(Cache.scala:159) ~[play-cache_2.10.jar:2.2.6]
	at play.api.Play$$anonfun$start$1$$anonfun$apply$mcV$sp$1.apply(Play.scala:88) ~[play_2.10.jar:2.2.6]
	at play.api.Play$$anonfun$start$1$$anonfun$apply$mcV$sp$1.apply(Play.scala:88) ~[play_2.10.jar:2.2.6]
	at scala.collection.immutable.List.foreach(List.scala:318) ~[casbah-alldep_2.10-2.7.0.jar:2.7.0]
	at play.api.Play$$anonfun$start$1.apply$mcV$sp(Play.scala:88) ~[play_2.10.jar:2.2.6]
	at play.api.Play$$anonfun$start$1.apply(Play.scala:88) ~[play_2.10.jar:2.2.6]
	at play.api.Play$$anonfun$start$1.apply(Play.scala:88) ~[play_2.10.jar:2.2.6]
	at play.utils.Threads$.withContextClassLoader(Threads.scala:18) ~[play_2.10.jar:2.2.6]
	at play.api.Play$.start(Play.scala:87) ~[play_2.10.jar:2.2.6]
	at play.core.ReloadableApplication$$anonfun$get$1$$anonfun$apply$1$$anonfun$1.apply(ApplicationProvider.scala:139) ~[play_2.10.jar:2.2.6]
	at play.core.ReloadableApplication$$anonfun$get$1$$anonfun$apply$1$$anonfun$1.apply(ApplicationProvider.scala:112) ~[play_2.10.jar:2.2.6]
	at scala.Option.map(Option.scala:145) ~[casbah-alldep_2.10-2.7.0.jar:2.7.0]
	at play.core.ReloadableApplication$$anonfun$get$1$$anonfun$apply$1.apply(ApplicationProvider.scala:112) ~[play_2.10.jar:2.2.6]
	at play.core.ReloadableApplication$$anonfun$get$1$$anonfun$apply$1.apply(ApplicationProvider.scala:110) ~[play_2.10.jar:2.2.6]
	at scala.util.Success.flatMap(Try.scala:200) ~[casbah-alldep_2.10-2.7.0.jar:2.7.0]
	at play.core.ReloadableApplication$$anonfun$get$1.apply(ApplicationProvider.scala:110) ~[play_2.10.jar:2.2.6]
	at play.core.ReloadableApplication$$anonfun$get$1.apply(ApplicationProvider.scala:102) ~[play_2.10.jar:2.2.6]
	at scala.concurrent.impl.Future$PromiseCompletingRunnable.liftedTree1$1(Future.scala:24) ~[casbah-alldep_2.10-2.7.0.jar:2.7.0]
	at scala.concurrent.impl.Future$PromiseCompletingRunnable.run(Future.scala:24) ~[casbah-alldep_2.10-2.7.0.jar:2.7.0]
	at scala.concurrent.forkjoin.ForkJoinTask$AdaptedRunnableAction.exec(ForkJoinTask.java:1361) ~[casbah-alldep_2.10-2.7.0.jar:2.7.0]
	at scala.concurrent.forkjoin.ForkJoinTask.doExec(ForkJoinTask.java:260) ~[casbah-alldep_2.10-2.7.0.jar:2.7.0]
	at scala.concurrent.forkjoin.ForkJoinPool$WorkQueue.runTask(ForkJoinPool.java:1339) ~[casbah-alldep_2.10-2.7.0.jar:2.7.0]
	at scala.concurrent.forkjoin.ForkJoinPool.runWorker(ForkJoinPool.java:1979) ~[casbah-alldep_2.10-2.7.0.jar:2.7.0]
	at scala.concurrent.forkjoin.ForkJoinWorkerThread.run(ForkJoinWorkerThread.java:107) ~[casbah-alldep_2.10-2.7.0.jar:2.7.0]
Caused by: java.net.UnknownHostException: bogon: nodename nor servname provided, or not known
	at java.net.Inet6AddressImpl.lookupAllHostAddr(Native Method) ~[na:1.7.0_25]
	at java.net.InetAddress$1.lookupAllHostAddr(InetAddress.java:894) ~[na:1.7.0_25]
	at java.net.InetAddress.getAddressesFromNameService(InetAddress.java:1286) ~[na:1.7.0_25]
	at java.net.InetAddress.getLocalHost(InetAddress.java:1462) ~[na:1.7.0_25]
	... 38 common frames omitted

2015-09-10 12:46:08,996 - [INFO] - from play in play-internal-execution-context-1 
Starting application default Akka system.

2015-09-10 12:46:09,034 - [INFO] - from play in play-internal-execution-context-1 
Application started (Dev)

2015-09-10 12:56:39,662 - [INFO] - from play in play-internal-execution-context-1 
Shutdown application default Akka system.

2015-09-10 12:56:39,878 - [INFO] - from play in play-internal-execution-context-1 
Starting application default Akka system.

2015-09-10 12:56:39,887 - [INFO] - from play in play-internal-execution-context-1 
Application started (Dev)

2015-09-10 13:02:25,774 - [INFO] - from play in pool-27-thread-1 
Shutdown application default Akka system.

